This file contains any messages produced by compilers while
running configure, to aid debugging if configure makes a mistake.

It was created by configure, which was
generated by GNU Autoconf 2.59.  Invocation command line was

  $ ./configure --disable-shared --with-ogg=/Users/pm/MoreAmpDev/libs/libvorbis/../libogg/inst

## --------- ##
## Platform. ##
## --------- ##

hostname = pmhost.local
uname -m = Power Macintosh
uname -r = 7.9.0
uname -s = Darwin
uname -v = Darwin Kernel Version 7.9.0: Wed Mar 30 20:11:17 PST 2005; root:xnu/xnu-517.12.7.obj~1/RELEASE_PPC 

/usr/bin/uname -p = powerpc
/bin/uname -X     = unknown

/bin/arch              = unknown
/usr/bin/arch -k       = unknown
/usr/convex/getsysinfo = unknown
hostinfo               = Mach kernel version:
	 Darwin Kernel Version 7.9.0:
Wed Mar 30 20:11:17 PST 2005; root:xnu/xnu-517.12.7.obj~1/RELEASE_PPC


Kernel configured for a single processor only.
1 processor is physically available.
Processor type: ppc750 (PowerPC 750)
Processor active: 0
Primary memory available: 384.00 megabytes.
Default processor set: 51 tasks, 129 threads, 1 processors
Load average: 2.04, Mach factor: 0.19
unknown
/bin/machine           = unknown
/usr/bin/oslevel       = unknown
/bin/universe          = unknown

PATH: /Users/pm/mybin
PATH: /bin
PATH: /sbin
PATH: /usr/bin
PATH: /usr/sbin
PATH: /usr/local/bin


## ----------- ##
## Core tests. ##
## ----------- ##

configure:1537: checking build system type
configure:1555: result: powerpc-apple-darwin7.9.0
configure:1563: checking host system type
configure:1577: result: powerpc-apple-darwin7.9.0
configure:1585: checking target system type
configure:1599: result: powerpc-apple-darwin7.9.0
configure:1631: checking for a BSD-compatible install
configure:1686: result: /usr/bin/install -c
configure:1697: checking whether build environment is sane
configure:1740: result: yes
configure:1805: checking for gawk
configure:1834: result: no
configure:1805: checking for mawk
configure:1834: result: no
configure:1805: checking for nawk
configure:1834: result: no
configure:1805: checking for awk
configure:1821: found /usr/bin/awk
configure:1831: result: awk
configure:1841: checking whether make sets $(MAKE)
configure:1861: result: yes
configure:2029: checking whether to enable maintainer-specific portions of Makefiles
configure:2038: result: no
configure:2122: checking for gcc
configure:2138: found /usr/bin/gcc
configure:2148: result: gcc
configure:2392: checking for C compiler version
configure:2395: gcc --version </dev/null >&5
gcc (GCC) 3.3 20030304 (Apple Computer, Inc. build 1666)
Copyright (C) 2002 Free Software Foundation, Inc.
This is free software; see the source for copying conditions.  There is NO
warranty; not even for MERCHANTABILITY or FITNESS FOR A PARTICULAR PURPOSE.

configure:2398: $? = 0
configure:2400: gcc -v </dev/null >&5
Reading specs from /usr/libexec/gcc/darwin/ppc/3.3/specs
Thread model: posix
gcc version 3.3 20030304 (Apple Computer, Inc. build 1666)
configure:2403: $? = 0
configure:2405: gcc -V </dev/null >&5
gcc: `-V' option must have argument
configure:2408: $? = 1
configure:2431: checking for C compiler default output file name
configure:2434: gcc    conftest.c  >&5
configure:2437: $? = 0
configure:2483: result: a.out
configure:2488: checking whether the C compiler works
configure:2494: ./a.out
configure:2497: $? = 0
configure:2514: result: yes
configure:2521: checking whether we are cross compiling
configure:2523: result: no
configure:2526: checking for suffix of executables
configure:2528: gcc -o conftest    conftest.c  >&5
configure:2531: $? = 0
configure:2556: result: 
configure:2562: checking for suffix of object files
configure:2583: gcc -c   conftest.c >&5
configure:2586: $? = 0
configure:2608: result: o
configure:2612: checking whether we are using the GNU C compiler
configure:2636: gcc -c   conftest.c >&5
configure:2642: $? = 0
configure:2645: test -z 			 || test ! -s conftest.err
configure:2648: $? = 0
configure:2651: test -s conftest.o
configure:2654: $? = 0
configure:2667: result: yes
configure:2673: checking whether gcc accepts -g
configure:2694: gcc -c -g  conftest.c >&5
configure:2700: $? = 0
configure:2703: test -z 			 || test ! -s conftest.err
configure:2706: $? = 0
configure:2709: test -s conftest.o
configure:2712: $? = 0
configure:2723: result: yes
configure:2740: checking for gcc option to accept ANSI C
configure:2810: gcc  -c -g -O2  conftest.c >&5
configure:2816: $? = 0
configure:2819: test -z 			 || test ! -s conftest.err
configure:2822: $? = 0
configure:2825: test -s conftest.o
configure:2828: $? = 0
configure:2846: result: none needed
configure:2864: gcc -c -g -O2  conftest.c >&5
conftest.c:2: error: parse error before "me"
configure:2870: $? = 1
configure: failed program was:
| #ifndef __cplusplus
|   choke me
| #endif
configure:3011: checking for style of include used by make
configure:3039: result: GNU
configure:3067: checking dependency style of gcc
configure:3157: result: gcc3
configure:3179: checking how to run the C preprocessor
configure:3214: gcc -E  conftest.c
configure:3220: $? = 0
configure:3252: gcc -E  conftest.c
conftest.c:11:28: ac_nonexistent.h: No such file or directory
configure:3258: $? = 1
configure: failed program was:
| /* confdefs.h.  */
| 
| #define PACKAGE_NAME ""
| #define PACKAGE_TARNAME ""
| #define PACKAGE_VERSION ""
| #define PACKAGE_STRING ""
| #define PACKAGE_BUGREPORT ""
| #define PACKAGE "libvorbis"
| #define VERSION "1.1.2"
| /* end confdefs.h.  */
| #include <ac_nonexistent.h>
configure:3297: result: gcc -E
configure:3321: gcc -E  conftest.c
configure:3327: $? = 0
configure:3359: gcc -E  conftest.c
conftest.c:11:28: ac_nonexistent.h: No such file or directory
configure:3365: $? = 1
configure: failed program was:
| /* confdefs.h.  */
| 
| #define PACKAGE_NAME ""
| #define PACKAGE_TARNAME ""
| #define PACKAGE_VERSION ""
| #define PACKAGE_STRING ""
| #define PACKAGE_BUGREPORT ""
| #define PACKAGE "libvorbis"
| #define VERSION "1.1.2"
| /* end confdefs.h.  */
| #include <ac_nonexistent.h>
configure:3482: checking for a sed that does not truncate output
configure:3536: result: /usr/bin/sed
configure:3539: checking for egrep
configure:3549: result: grep -E
configure:3565: checking for ld used by gcc
configure:3632: result: /usr/bin/ld
configure:3641: checking if the linker (/usr/bin/ld) is GNU ld
configure:3656: result: no
configure:3661: checking for /usr/bin/ld option to reload object files
configure:3668: result: -r
configure:3677: checking for BSD-compatible nm
configure:3719: result: /usr/bin/nm -p
configure:3723: checking whether ln -s works
configure:3727: result: yes
configure:3734: checking how to recognise dependent libraries
configure:3908: result: pass_all
configure:4117: checking for ANSI C header files
configure:4142: gcc -c   conftest.c >&5
configure:4148: $? = 0
configure:4151: test -z 			 || test ! -s conftest.err
configure:4154: $? = 0
configure:4157: test -s conftest.o
configure:4160: $? = 0
configure:4246: gcc -o conftest    conftest.c  >&5
configure:4249: $? = 0
configure:4251: ./conftest
configure:4254: $? = 0
configure:4269: result: yes
configure:4293: checking for sys/types.h
configure:4309: gcc -c   conftest.c >&5
configure:4315: $? = 0
configure:4318: test -z 			 || test ! -s conftest.err
configure:4321: $? = 0
configure:4324: test -s conftest.o
configure:4327: $? = 0
configure:4338: result: yes
configure:4293: checking for sys/stat.h
configure:4309: gcc -c   conftest.c >&5
configure:4315: $? = 0
configure:4318: test -z 			 || test ! -s conftest.err
configure:4321: $? = 0
configure:4324: test -s conftest.o
configure:4327: $? = 0
configure:4338: result: yes
configure:4293: checking for stdlib.h
configure:4309: gcc -c   conftest.c >&5
configure:4315: $? = 0
configure:4318: test -z 			 || test ! -s conftest.err
configure:4321: $? = 0
configure:4324: test -s conftest.o
configure:4327: $? = 0
configure:4338: result: yes
configure:4293: checking for string.h
configure:4309: gcc -c   conftest.c >&5
configure:4315: $? = 0
configure:4318: test -z 			 || test ! -s conftest.err
configure:4321: $? = 0
configure:4324: test -s conftest.o
configure:4327: $? = 0
configure:4338: result: yes
configure:4293: checking for memory.h
configure:4309: gcc -c   conftest.c >&5
configure:4315: $? = 0
configure:4318: test -z 			 || test ! -s conftest.err
configure:4321: $? = 0
configure:4324: test -s conftest.o
configure:4327: $? = 0
configure:4338: result: yes
configure:4293: checking for strings.h
configure:4309: gcc -c   conftest.c >&5
configure:4315: $? = 0
configure:4318: test -z 			 || test ! -s conftest.err
configure:4321: $? = 0
configure:4324: test -s conftest.o
configure:4327: $? = 0
configure:4338: result: yes
configure:4293: checking for inttypes.h
configure:4309: gcc -c   conftest.c >&5
configure:4315: $? = 0
configure:4318: test -z 			 || test ! -s conftest.err
configure:4321: $? = 0
configure:4324: test -s conftest.o
configure:4327: $? = 0
configure:4338: result: yes
configure:4293: checking for stdint.h
configure:4309: gcc -c   conftest.c >&5
configure:4315: $? = 0
configure:4318: test -z 			 || test ! -s conftest.err
configure:4321: $? = 0
configure:4324: test -s conftest.o
configure:4327: $? = 0
configure:4338: result: yes
configure:4293: checking for unistd.h
configure:4309: gcc -c   conftest.c >&5
configure:4315: $? = 0
configure:4318: test -z 			 || test ! -s conftest.err
configure:4321: $? = 0
configure:4324: test -s conftest.o
configure:4327: $? = 0
configure:4338: result: yes
configure:4364: checking dlfcn.h usability
configure:4376: gcc -c   conftest.c >&5
configure:4382: $? = 0
configure:4385: test -z 			 || test ! -s conftest.err
configure:4388: $? = 0
configure:4391: test -s conftest.o
configure:4394: $? = 0
configure:4404: result: yes
configure:4408: checking dlfcn.h presence
configure:4418: gcc -E  conftest.c
configure:4424: $? = 0
configure:4444: result: yes
configure:4479: checking for dlfcn.h
configure:4486: result: yes
configure:4551: checking for g++
configure:4567: found /usr/bin/g++
configure:4577: result: g++
configure:4593: checking for C++ compiler version
configure:4596: g++ --version </dev/null >&5
g++ (GCC) 3.3 20030304 (Apple Computer, Inc. build 1666)
Copyright (C) 2002 Free Software Foundation, Inc.
This is free software; see the source for copying conditions.  There is NO
warranty; not even for MERCHANTABILITY or FITNESS FOR A PARTICULAR PURPOSE.

configure:4599: $? = 0
configure:4601: g++ -v </dev/null >&5
Reading specs from /usr/libexec/gcc/darwin/ppc/3.3/specs
Thread model: posix
gcc version 3.3 20030304 (Apple Computer, Inc. build 1666)
configure:4604: $? = 0
configure:4606: g++ -V </dev/null >&5
g++: `-V' option must have argument
configure:4609: $? = 1
configure:4612: checking whether we are using the GNU C++ compiler
configure:4636: g++ -c   conftest.cc >&5
configure:4642: $? = 0
configure:4645: test -z 			 || test ! -s conftest.err
configure:4648: $? = 0
configure:4651: test -s conftest.o
configure:4654: $? = 0
configure:4667: result: yes
configure:4673: checking whether g++ accepts -g
configure:4694: g++ -c -g  conftest.cc >&5
configure:4700: $? = 0
configure:4703: test -z 			 || test ! -s conftest.err
configure:4706: $? = 0
configure:4709: test -s conftest.o
configure:4712: $? = 0
configure:4723: result: yes
configure:4765: g++ -c -g -O2  conftest.cc >&5
configure:4771: $? = 0
configure:4774: test -z 			 || test ! -s conftest.err
configure:4777: $? = 0
configure:4780: test -s conftest.o
configure:4783: $? = 0
configure:4809: g++ -c -g -O2  conftest.cc >&5
conftest.cc: In function `int main()':
conftest.cc:26: error: `exit' undeclared (first use this function)
conftest.cc:26: error: (Each undeclared identifier is reported only once for 
   each function it appears in.)
configure:4815: $? = 1
configure: failed program was:
| /* confdefs.h.  */
| 
| #define PACKAGE_NAME ""
| #define PACKAGE_TARNAME ""
| #define PACKAGE_VERSION ""
| #define PACKAGE_STRING ""
| #define PACKAGE_BUGREPORT ""
| #define PACKAGE "libvorbis"
| #define VERSION "1.1.2"
| #define STDC_HEADERS 1
| #define HAVE_SYS_TYPES_H 1
| #define HAVE_SYS_STAT_H 1
| #define HAVE_STDLIB_H 1
| #define HAVE_STRING_H 1
| #define HAVE_MEMORY_H 1
| #define HAVE_STRINGS_H 1
| #define HAVE_INTTYPES_H 1
| #define HAVE_STDINT_H 1
| #define HAVE_UNISTD_H 1
| #define HAVE_DLFCN_H 1
| /* end confdefs.h.  */
| 
| int
| main ()
| {
| exit (42);
|   ;
|   return 0;
| }
configure:4765: g++ -c -g -O2  conftest.cc >&5
configure:4771: $? = 0
configure:4774: test -z 			 || test ! -s conftest.err
configure:4777: $? = 0
configure:4780: test -s conftest.o
configure:4783: $? = 0
configure:4809: g++ -c -g -O2  conftest.cc >&5
configure:4815: $? = 0
configure:4818: test -z 			 || test ! -s conftest.err
configure:4821: $? = 0
configure:4824: test -s conftest.o
configure:4827: $? = 0
configure:4852: checking dependency style of g++
configure:4942: result: gcc3
configure:4964: checking how to run the C++ preprocessor
configure:4995: g++ -E  conftest.cc
configure:5001: $? = 0
configure:5033: g++ -E  conftest.cc
conftest.cc:25:28: ac_nonexistent.h: No such file or directory
configure:5039: $? = 1
configure: failed program was:
| /* confdefs.h.  */
| 
| #define PACKAGE_NAME ""
| #define PACKAGE_TARNAME ""
| #define PACKAGE_VERSION ""
| #define PACKAGE_STRING ""
| #define PACKAGE_BUGREPORT ""
| #define PACKAGE "libvorbis"
| #define VERSION "1.1.2"
| #define STDC_HEADERS 1
| #define HAVE_SYS_TYPES_H 1
| #define HAVE_SYS_STAT_H 1
| #define HAVE_STDLIB_H 1
| #define HAVE_STRING_H 1
| #define HAVE_MEMORY_H 1
| #define HAVE_STRINGS_H 1
| #define HAVE_INTTYPES_H 1
| #define HAVE_STDINT_H 1
| #define HAVE_UNISTD_H 1
| #define HAVE_DLFCN_H 1
| #ifdef __cplusplus
| extern "C" void std::exit (int) throw (); using std::exit;
| #endif
| /* end confdefs.h.  */
| #include <ac_nonexistent.h>
configure:5078: result: g++ -E
configure:5102: g++ -E  conftest.cc
configure:5108: $? = 0
configure:5140: g++ -E  conftest.cc
conftest.cc:25:28: ac_nonexistent.h: No such file or directory
configure:5146: $? = 1
configure: failed program was:
| /* confdefs.h.  */
| 
| #define PACKAGE_NAME ""
| #define PACKAGE_TARNAME ""
| #define PACKAGE_VERSION ""
| #define PACKAGE_STRING ""
| #define PACKAGE_BUGREPORT ""
| #define PACKAGE "libvorbis"
| #define VERSION "1.1.2"
| #define STDC_HEADERS 1
| #define HAVE_SYS_TYPES_H 1
| #define HAVE_SYS_STAT_H 1
| #define HAVE_STDLIB_H 1
| #define HAVE_STRING_H 1
| #define HAVE_MEMORY_H 1
| #define HAVE_STRINGS_H 1
| #define HAVE_INTTYPES_H 1
| #define HAVE_STDINT_H 1
| #define HAVE_UNISTD_H 1
| #define HAVE_DLFCN_H 1
| #ifdef __cplusplus
| extern "C" void std::exit (int) throw (); using std::exit;
| #endif
| /* end confdefs.h.  */
| #include <ac_nonexistent.h>
configure:5241: checking for g77
configure:5270: result: no
configure:5241: checking for f77
configure:5270: result: no
configure:5241: checking for xlf
configure:5270: result: no
configure:5241: checking for frt
configure:5270: result: no
configure:5241: checking for pgf77
configure:5270: result: no
configure:5241: checking for fort77
configure:5270: result: no
configure:5241: checking for fl32
configure:5270: result: no
configure:5241: checking for af77
configure:5270: result: no
configure:5241: checking for f90
configure:5270: result: no
configure:5241: checking for xlf90
configure:5270: result: no
configure:5241: checking for pgf90
configure:5270: result: no
configure:5241: checking for epcf90
configure:5270: result: no
configure:5241: checking for f95
configure:5270: result: no
configure:5241: checking for fort
configure:5270: result: no
configure:5241: checking for xlf95
configure:5270: result: no
configure:5241: checking for ifc
configure:5270: result: no
configure:5241: checking for efc
configure:5270: result: no
configure:5241: checking for pgf95
configure:5270: result: no
configure:5241: checking for lf95
configure:5270: result: no
configure:5241: checking for gfortran
configure:5270: result: no
configure:5285: checking for Fortran 77 compiler version
configure:5285:  --version </dev/null >&5
./configure: line 1: --version: command not found
configure:5288: $? = 127
configure:5290:  -v </dev/null >&5
./configure: line 1: -v: command not found
configure:5293: $? = 127
configure:5295:  -V </dev/null >&5
./configure: line 1: -V: command not found
configure:5298: $? = 127
configure:5306: checking whether we are using the GNU Fortran 77 compiler
configure:5320:  -c  conftest.F >&5
./configure: line 1: -c: command not found
configure:5326: $? = 127
configure: failed program was:
|       program main
| #ifndef __GNUC__
|        choke me
| #endif
| 
|       end
configure:5351: result: no
configure:5357: checking whether  accepts -g
configure:5369:  -c -g conftest.f >&5
./configure: line 1: -c: command not found
configure:5375: $? = 127
configure: failed program was:
|       program main
| 
|       end
configure:5399: result: no
configure:5429: checking the maximum length of command line arguments
configure:5494: result: 65536
configure:5505: checking command to parse /usr/bin/nm -p output from gcc object
configure:5594: gcc -c   conftest.c >&5
configure:5597: $? = 0
configure:5601: /usr/bin/nm -p conftest.o \| sed -n -e 's/^.*[ 	]\([BCDEGRST][BCDEGRST]*\)[ 	][ 	]*\(\)\([_A-Za-z][_A-Za-z0-9]*\)$/\1 \2\3 \3/p' \> conftest.nm
configure:5604: $? = 0
cannot find nm_test_var in conftest.nm
configure:5594: gcc -c   conftest.c >&5
configure:5597: $? = 0
configure:5601: /usr/bin/nm -p conftest.o \| sed -n -e 's/^.*[ 	]\([BCDEGRST][BCDEGRST]*\)[ 	][ 	]*\(_\)\([_A-Za-z][_A-Za-z0-9]*\)$/\1 \2\3 \3/p' \> conftest.nm
configure:5604: $? = 0
configure:5656: gcc -o conftest    conftest.c conftstm.o >&5
configure:5659: $? = 0
configure:5697: result: ok
configure:5701: checking for objdir
configure:5716: result: .libs
configure:5806: checking for ar
configure:5822: found /usr/bin/ar
configure:5833: result: ar
configure:5886: checking for ranlib
configure:5902: found /usr/bin/ranlib
configure:5913: result: ranlib
configure:5966: checking for strip
configure:5982: found /usr/bin/strip
configure:5993: result: strip
configure:6255: checking if gcc static flag  works
configure:6278: result: yes
configure:6296: checking if gcc supports -fno-rtti -fno-exceptions
configure:6317: gcc -c   -fno-rtti -fno-exceptions conftest.c >&5
cc1: warning: "-frtti" is valid for C++ but not for C/ObjC
configure:6321: $? = 0
configure:6329: result: no
configure:6344: checking for gcc option to produce PIC
configure:6521: result: -fno-common
configure:6529: checking if gcc PIC flag -fno-common works
configure:6550: gcc -c   -fno-common -DPIC conftest.c >&5
configure:6554: $? = 0
configure:6562: result: yes
configure:6586: checking if gcc supports -c -o file.o
configure:6610: gcc -c   -o out/conftest2.o conftest.c >&5
configure:6614: $? = 0
configure:6631: result: yes
configure:6657: checking whether the gcc linker (/usr/bin/ld) supports shared libraries
configure:7504: result: yes
configure:7575: checking dynamic linker characteristics
configure:8127: result: darwin7.9.0 dyld
configure:8131: checking how to hardcode library paths into programs
configure:8156: result: immediate
configure:8170: checking whether stripping libraries is possible
configure:8183: result: yes
configure:8998: checking if libtool supports shared libraries
configure:9000: result: yes
configure:9003: checking whether to build shared libraries
configure:9061: result: no
configure:9064: checking whether to build static libraries
configure:9068: result: yes
configure:9160: creating libtool
configure:9707: checking for ld used by g++
configure:9774: result: /usr/bin/ld
configure:9783: checking if the linker (/usr/bin/ld) is GNU ld
configure:9798: result: no
configure:9849: checking whether the g++ linker (/usr/bin/ld) supports shared libraries
configure:10675: result: yes
configure:10693: g++ -c -g -O2  conftest.cc >&5
configure:10696: $? = 0
configure:10792: checking for g++ option to produce PIC
configure:11044: result: -fno-common
configure:11052: checking if g++ PIC flag -fno-common works
configure:11073: g++ -c -g -O2  -fno-common -DPIC conftest.cc >&5
configure:11077: $? = 0
configure:11085: result: yes
configure:11109: checking if g++ supports -c -o file.o
configure:11133: g++ -c -g -O2  -o out/conftest2.o conftest.cc >&5
configure:11137: $? = 0
configure:11154: result: yes
configure:11180: checking whether the g++ linker (/usr/bin/ld) supports shared libraries
configure:11208: result: yes
configure:11279: checking dynamic linker characteristics
configure:11831: result: darwin7.9.0 dyld
configure:11835: checking how to hardcode library paths into programs
configure:11860: result: immediate
configure:11874: checking whether stripping libraries is possible
configure:11887: result: yes
configure:19261: checking GCC version
configure:19264: result: 3.3
configure:19383: checking for memory.h
configure:19388: result: yes
configure:19529: checking for cos in -lm
configure:19559: gcc -o conftest -DDARWIN -fno-common -force_cpusubtype_ALL -Wall -g -O4 -ffast-math -fsigned-char  -DUSE_MEMORY_H   conftest.c -lm   >&5
conftest.c:32: warning: conflicting types for built-in function `cos'
configure:19565: $? = 0
configure:19568: test -z 			 || test ! -s conftest.err
configure:19571: $? = 0
configure:19574: test -s conftest
configure:19577: $? = 0
configure:19590: result: yes
configure:19598: checking for pthread_create in -lpthread
configure:19628: gcc -o conftest -DDARWIN -fno-common -force_cpusubtype_ALL -Wall -g -O4 -ffast-math -fsigned-char  -DUSE_MEMORY_H   conftest.c -lpthread   >&5
configure:19634: $? = 0
configure:19637: test -z 			 || test ! -s conftest.err
configure:19640: $? = 0
configure:19643: test -s conftest
configure:19646: $? = 0
configure:19659: result: yes
configure:19671: checking for pkg-config
configure:19700: result: no
configure:19855: checking for Ogg
configure:19890: gcc -o conftest -DDARWIN -fno-common -force_cpusubtype_ALL -Wall -g -O4 -ffast-math -fsigned-char  -DUSE_MEMORY_H -I/Users/pm/MoreAmpDev/libs/libvorbis/../libogg/inst/include   conftest.c  -L/Users/pm/MoreAmpDev/libs/libvorbis/../libogg/inst/lib -logg >&5
configure:19893: $? = 0
configure:19895: ./conftest
configure:19898: $? = 0
configure:19916: result: yes
configure:20002: checking for oggpack_writealign
configure:20059: gcc -o conftest -DDARWIN -fno-common -force_cpusubtype_ALL -Wall -g -O4 -ffast-math -fsigned-char  -DUSE_MEMORY_H   conftest.c -L/Users/pm/MoreAmpDev/libs/libvorbis/../libogg/inst/lib -logg -lm >&5
configure:20065: $? = 0
configure:20068: test -z 			 || test ! -s conftest.err
configure:20071: $? = 0
configure:20074: test -s conftest
configure:20077: $? = 0
configure:20089: result: yes
configure:20105: checking for working alloca.h
configure:20126: gcc -o conftest -DDARWIN -fno-common -force_cpusubtype_ALL -Wall -g -O4 -ffast-math -fsigned-char  -DUSE_MEMORY_H   conftest.c  >&5
conftest.c: In function `main':
conftest.c:29: warning: unused variable `p'
configure:20132: $? = 0
configure:20135: test -z 			 || test ! -s conftest.err
configure:20138: $? = 0
configure:20141: test -s conftest
configure:20144: $? = 0
configure:20156: result: yes
configure:20166: checking for alloca
configure:20207: gcc -o conftest -DDARWIN -fno-common -force_cpusubtype_ALL -Wall -g -O4 -ffast-math -fsigned-char  -DUSE_MEMORY_H   conftest.c  >&5
conftest.c: In function `main':
conftest.c:50: warning: unused variable `p'
configure:20213: $? = 0
configure:20216: test -z 			 || test ! -s conftest.err
configure:20219: $? = 0
configure:20222: test -s conftest
configure:20225: $? = 0
configure:20237: result: yes
configure:20459: checking for working memcmp
configure:20507: gcc -o conftest -DDARWIN -fno-common -force_cpusubtype_ALL -Wall -g -O4 -ffast-math -fsigned-char  -DUSE_MEMORY_H   conftest.c  >&5
configure:20510: $? = 0
configure:20512: ./conftest
configure:20515: $? = 0
configure:20529: result: yes
configure:20678: creating ./config.status

## ---------------------- ##
## Running config.status. ##
## ---------------------- ##

This file was extended by config.status, which was
generated by GNU Autoconf 2.59.  Invocation command line was

  CONFIG_FILES    = 
  CONFIG_HEADERS  = 
  CONFIG_LINKS    = 
  CONFIG_COMMANDS = 
  $ ./config.status 

on pmhost.local

config.status:802: creating Makefile
config.status:802: creating lib/Makefile
config.status:802: creating lib/modes/Makefile
config.status:802: creating lib/books/Makefile
config.status:802: creating lib/books/coupled/Makefile
config.status:802: creating lib/books/uncoupled/Makefile
config.status:802: creating lib/books/floor/Makefile
config.status:802: creating doc/Makefile
config.status:802: creating doc/vorbisfile/Makefile
config.status:802: creating doc/vorbisenc/Makefile
config.status:802: creating include/Makefile
config.status:802: creating include/vorbis/Makefile
config.status:802: creating examples/Makefile
config.status:802: creating vq/Makefile
config.status:802: creating libvorbis.spec
config.status:802: creating vorbis.pc
config.status:802: creating vorbisenc.pc
config.status:802: creating vorbisfile.pc
config.status:802: creating vorbis-uninstalled.pc
config.status:802: creating vorbisenc-uninstalled.pc
config.status:802: creating vorbisfile-uninstalled.pc
config.status:868: creating config.h
config.status:1160: executing depfiles commands

## ---------------- ##
## Cache variables. ##
## ---------------- ##

ac_cv_build=powerpc-apple-darwin7.9.0
ac_cv_build_alias=powerpc-apple-darwin7.9.0
ac_cv_c_compiler_gnu=yes
ac_cv_cxx_compiler_gnu=yes
ac_cv_env_CC_set=
ac_cv_env_CC_value=
ac_cv_env_CFLAGS_set=
ac_cv_env_CFLAGS_value=
ac_cv_env_CPPFLAGS_set=
ac_cv_env_CPPFLAGS_value=
ac_cv_env_CPP_set=
ac_cv_env_CPP_value=
ac_cv_env_CXXCPP_set=
ac_cv_env_CXXCPP_value=
ac_cv_env_CXXFLAGS_set=
ac_cv_env_CXXFLAGS_value=
ac_cv_env_CXX_set=
ac_cv_env_CXX_value=
ac_cv_env_F77_set=
ac_cv_env_F77_value=
ac_cv_env_FFLAGS_set=
ac_cv_env_FFLAGS_value=
ac_cv_env_LDFLAGS_set=
ac_cv_env_LDFLAGS_value=
ac_cv_env_build_alias_set=
ac_cv_env_build_alias_value=
ac_cv_env_host_alias_set=
ac_cv_env_host_alias_value=
ac_cv_env_target_alias_set=
ac_cv_env_target_alias_value=
ac_cv_exeext=
ac_cv_f77_compiler_gnu=no
ac_cv_func_alloca_works=yes
ac_cv_func_memcmp_working=yes
ac_cv_func_oggpack_writealign=yes
ac_cv_header_dlfcn_h=yes
ac_cv_header_inttypes_h=yes
ac_cv_header_memory_h=yes
ac_cv_header_stdc=yes
ac_cv_header_stdint_h=yes
ac_cv_header_stdlib_h=yes
ac_cv_header_string_h=yes
ac_cv_header_strings_h=yes
ac_cv_header_sys_stat_h=yes
ac_cv_header_sys_types_h=yes
ac_cv_header_unistd_h=yes
ac_cv_host=powerpc-apple-darwin7.9.0
ac_cv_host_alias=powerpc-apple-darwin7.9.0
ac_cv_lib_m_cos=yes
ac_cv_lib_pthread_pthread_create=yes
ac_cv_objext=o
ac_cv_path_install='/usr/bin/install -c'
ac_cv_prog_AWK=awk
ac_cv_prog_CPP='gcc -E'
ac_cv_prog_CXXCPP='g++ -E'
ac_cv_prog_ac_ct_AR=ar
ac_cv_prog_ac_ct_CC=gcc
ac_cv_prog_ac_ct_CXX=g++
ac_cv_prog_ac_ct_RANLIB=ranlib
ac_cv_prog_ac_ct_STRIP=strip
ac_cv_prog_cc_g=yes
ac_cv_prog_cc_stdc=
ac_cv_prog_cxx_g=yes
ac_cv_prog_egrep='grep -E'
ac_cv_prog_f77_g=no
ac_cv_prog_make_make_set=yes
ac_cv_target=powerpc-apple-darwin7.9.0
ac_cv_target_alias=powerpc-apple-darwin7.9.0
ac_cv_working_alloca_h=yes
am_cv_CC_dependencies_compiler_type=gcc3
am_cv_CXX_dependencies_compiler_type=gcc3
lt_cv_deplibs_check_method=pass_all
lt_cv_file_magic_cmd='$MAGIC_CMD'
lt_cv_file_magic_test_file=
lt_cv_ld_reload_flag=-r
lt_cv_objdir=.libs
lt_cv_path_LD=/usr/bin/ld
lt_cv_path_LDCXX=/usr/bin/ld
lt_cv_path_NM='/usr/bin/nm -p'
lt_cv_path_SED=/usr/bin/sed
lt_cv_prog_compiler_c_o=yes
lt_cv_prog_compiler_c_o_CXX=yes
lt_cv_prog_compiler_rtti_exceptions=no
lt_cv_prog_gnu_ld=no
lt_cv_prog_gnu_ldcxx=no
lt_cv_sys_global_symbol_pipe='sed -n -e '\''s/^.*[ 	]\([BCDEGRST][BCDEGRST]*\)[ 	][ 	]*\(_\)\([_A-Za-z][_A-Za-z0-9]*\)$/\1 \2\3 \3/p'\'''
lt_cv_sys_global_symbol_to_c_name_address='sed -n -e '\''s/^: \([^ ]*\) $/  {\"\1\", (lt_ptr) 0},/p'\'' -e '\''s/^[BCDEGRST] \([^ ]*\) \([^ ]*\)$/  {"\2", (lt_ptr) \&\2},/p'\'''
lt_cv_sys_global_symbol_to_cdecl='sed -n -e '\''s/^. .* \(.*\)$/extern int \1;/p'\'''
lt_cv_sys_max_cmd_len=65536
lt_lt_cv_prog_compiler_c_o='"yes"'
lt_lt_cv_prog_compiler_c_o_CXX='"yes"'
lt_lt_cv_sys_global_symbol_pipe='"sed -n -e '\''s/^.*[ 	]\\([BCDEGRST][BCDEGRST]*\\)[ 	][ 	]*\\(_\\)\\([_A-Za-z][_A-Za-z0-9]*\\)\$/\\1 \\2\\3 \\3/p'\''"'
lt_lt_cv_sys_global_symbol_to_c_name_address='"sed -n -e '\''s/^: \\([^ ]*\\) \$/  {\\\"\\1\\\", (lt_ptr) 0},/p'\'' -e '\''s/^[BCDEGRST] \\([^ ]*\\) \\([^ ]*\\)\$/  {\"\\2\", (lt_ptr) \\&\\2},/p'\''"'
lt_lt_cv_sys_global_symbol_to_cdecl='"sed -n -e '\''s/^. .* \\(.*\\)\$/extern int \\1;/p'\''"'

## ----------------- ##
## Output variables. ##
## ----------------- ##

ACLOCAL='${SHELL} /Users/pm/MoreAmpDev/libs/libvorbis/missing --run aclocal-1.9'
ALLOCA=''
AMDEPBACKSLASH='\'
AMDEP_FALSE='#'
AMDEP_TRUE=''
AMTAR='${SHELL} /Users/pm/MoreAmpDev/libs/libvorbis/missing --run tar'
AR='ar'
AUTOCONF='${SHELL} /Users/pm/MoreAmpDev/libs/libvorbis/missing --run autoconf'
AUTOHEADER='${SHELL} /Users/pm/MoreAmpDev/libs/libvorbis/missing --run autoheader'
AUTOMAKE='${SHELL} /Users/pm/MoreAmpDev/libs/libvorbis/missing --run automake-1.9'
AWK='awk'
BUILD_DOCS_FALSE=''
BUILD_DOCS_TRUE='#'
CC='gcc'
CCDEPMODE='depmode=gcc3'
CFLAGS='-DDARWIN -fno-common -force_cpusubtype_ALL -Wall -g -O4 -ffast-math -fsigned-char  -DUSE_MEMORY_H'
CPP='gcc -E'
CPPFLAGS=''
CXX='g++'
CXXCPP='g++ -E'
CXXDEPMODE='depmode=gcc3'
CXXFLAGS='-g -O2'
CYGPATH_W='echo'
DEBUG='-DDARWIN -fno-common -force_cpusubtype_ALL -Wall -g -O0 -fsigned-char'
DEFS='-DHAVE_CONFIG_H'
DEPDIR='.deps'
ECHO='echo'
ECHO_C=''
ECHO_N='-n'
ECHO_T=''
EGREP='grep -E'
EXEEXT=''
F77=''
FFLAGS=''
HAVE_PKG_CONFIG=''
INSTALL_DATA='${INSTALL} -m 644'
INSTALL_PROGRAM='${INSTALL}'
INSTALL_SCRIPT='${INSTALL}'
INSTALL_STRIP_PROGRAM='${SHELL} $(install_sh) -c -s'
LDFLAGS=''
LIBOBJS=''
LIBS=''
LIBTOOL='$(SHELL) $(top_builddir)/libtool'
LN_S='ln -s'
LTLIBOBJS=''
MAINT='#'
MAINTAINER_MODE_FALSE=''
MAINTAINER_MODE_TRUE='#'
MAKEINFO='${SHELL} /Users/pm/MoreAmpDev/libs/libvorbis/missing --run makeinfo'
OBJEXT='o'
OGG_CFLAGS='-I/Users/pm/MoreAmpDev/libs/libvorbis/../libogg/inst/include'
OGG_LIBS='-L/Users/pm/MoreAmpDev/libs/libvorbis/../libogg/inst/lib -logg'
PACKAGE='libvorbis'
PACKAGE_BUGREPORT=''
PACKAGE_NAME=''
PACKAGE_STRING=''
PACKAGE_TARNAME=''
PACKAGE_VERSION=''
PATH_SEPARATOR=':'
PDFXMLTEX=''
PKG_CONFIG=''
PROFILE='-DDARWIN -fno-common -force_cpusubtype_ALL -Wall -g -pg -O4 -ffast-math -fsigned-char'
RANLIB='ranlib'
SET_MAKE=''
SHELL='/bin/sh'
STRIP='strip'
VERSION='1.1.2'
VE_LIB_AGE='0'
VE_LIB_CURRENT='2'
VE_LIB_REVISION='2'
VF_LIB_AGE='1'
VF_LIB_CURRENT='4'
VF_LIB_REVISION='1'
VORBIS_LIBS='-lm'
V_LIB_AGE='3'
V_LIB_CURRENT='3'
V_LIB_REVISION='1'
XSLTPROC=''
ac_ct_AR='ar'
ac_ct_CC='gcc'
ac_ct_CXX='g++'
ac_ct_F77=''
ac_ct_RANLIB='ranlib'
ac_ct_STRIP='strip'
am__fastdepCC_FALSE='#'
am__fastdepCC_TRUE=''
am__fastdepCXX_FALSE='#'
am__fastdepCXX_TRUE=''
am__include='include'
am__leading_dot='.'
am__quote=''
am__tar='${AMTAR} chof - "$$tardir"'
am__untar='${AMTAR} xf -'
bindir='${exec_prefix}/bin'
build='powerpc-apple-darwin7.9.0'
build_alias=''
build_cpu='powerpc'
build_os='darwin7.9.0'
build_vendor='apple'
datadir='${prefix}/share'
exec_prefix='${prefix}'
host='powerpc-apple-darwin7.9.0'
host_alias=''
host_cpu='powerpc'
host_os='darwin7.9.0'
host_vendor='apple'
includedir='${prefix}/include'
infodir='${prefix}/info'
install_sh='/Users/pm/MoreAmpDev/libs/libvorbis/install-sh'
libdir='${exec_prefix}/lib'
libexecdir='${exec_prefix}/libexec'
localstatedir='${prefix}/var'
mandir='${prefix}/man'
mkdir_p='mkdir -p --'
oldincludedir='/usr/include'
prefix='/usr/local'
program_transform_name='s,x,x,'
pthread_lib='-lpthread'
sbindir='${exec_prefix}/sbin'
sharedstatedir='${prefix}/com'
sysconfdir='${prefix}/etc'
target='powerpc-apple-darwin7.9.0'
target_alias=''
target_cpu='powerpc'
target_os='darwin7.9.0'
target_vendor='apple'

## ----------- ##
## confdefs.h. ##
## ----------- ##

#define HAVE_ALLOCA 1
#define HAVE_ALLOCA_H 1
#define HAVE_DLFCN_H 1
#define HAVE_INTTYPES_H 1
#define HAVE_MEMORY_H 1
#define HAVE_STDINT_H 1
#define HAVE_STDLIB_H 1
#define HAVE_STRINGS_H 1
#define HAVE_STRING_H 1
#define HAVE_SYS_STAT_H 1
#define HAVE_SYS_TYPES_H 1
#define HAVE_UNISTD_H 1
#define PACKAGE "libvorbis"
#define PACKAGE_BUGREPORT ""
#define PACKAGE_NAME ""
#define PACKAGE_STRING ""
#define PACKAGE_TARNAME ""
#define PACKAGE_VERSION ""
#define STDC_HEADERS 1
#define VERSION "1.1.2"
#endif
#ifdef __cplusplus
extern "C" void std::exit (int) throw (); using std::exit;

configure: exit 0
